[variant] Loaded new set of variants
[kit] Detected kits definition version change from undefined to 2. Silently scanning for kits.
[proc] Executing command: /home/rahul/.espressif/tools/xtensa-esp32-elf/esp-2021r2-8.4.0/xtensa-esp32-elf/bin/xtensa-esp32-elf-gcc -v
[proc] Executing command: /home/rahul/.espressif/tools/xtensa-esp32-elf/esp-2021r2-8.4.0/xtensa-esp32-elf/bin/xtensa-esp32-elf-gcc-8.4.0 -v
[proc] Executing command: /home/rahul/.espressif/tools/xtensa-esp32s3-elf/esp-2021r2-8.4.0/xtensa-esp32s3-elf/bin/xtensa-esp32s3-elf-gcc -v
[proc] Executing command: /home/rahul/.espressif/tools/xtensa-esp32s3-elf/esp-2021r2-8.4.0/xtensa-esp32s3-elf/bin/xtensa-esp32s3-elf-gcc-8.4.0 -v
[proc] Executing command: /home/rahul/.espressif/tools/xtensa-esp32s2-elf/esp-2021r2-8.4.0/xtensa-esp32s2-elf/bin/xtensa-esp32s2-elf-gcc -v
[proc] Executing command: /home/rahul/.espressif/tools/xtensa-esp32s2-elf/esp-2021r2-8.4.0/xtensa-esp32s2-elf/bin/xtensa-esp32s2-elf-gcc-8.4.0 -v
[proc] Executing command: /home/rahul/.espressif/tools/riscv32-esp-elf/esp-2021r2-8.4.0/riscv32-esp-elf/bin/riscv32-esp-elf-gcc -v
[proc] Executing command: /home/rahul/.espressif/tools/riscv32-esp-elf/esp-2021r2-8.4.0/riscv32-esp-elf/bin/riscv32-esp-elf-gcc-8.4.0 -v
[proc] Executing command: /usr/bin/c89-gcc -v
[proc] Executing command: /usr/bin/c99-gcc -v
[proc] Executing command: /usr/bin/gcc -v
[proc] Executing command: /usr/bin/gcc-7 -v
[proc] Executing command: /usr/bin/x86_64-linux-gnu-gcc -v
[proc] Executing command: /usr/bin/x86_64-linux-gnu-gcc-7 -v
[kit] Found Kit: GCC 8.4.0 xtensa-esp32-elf
[kit] Found Kit: GCC 8.4.0 xtensa-esp32-elf
[kit] Found Kit: GCC 8.4.0 xtensa-esp32s2-elf
[kit] Found Kit: GCC 8.4.0 xtensa-esp32s2-elf
[kit] Found Kit: GCC 8.4.0 xtensa-esp32s3-elf
[kit] Found Kit: GCC 8.4.0 xtensa-esp32s3-elf
[kit] Found Kit: GCC 8.4.0 riscv32-esp-elf
[kit] Found Kit: GCC 8.4.0 riscv32-esp-elf
[kit] Found Kit: GCC 7.5.0 x86_64-linux-gnu
[kit] Found Kit: GCC 7.5.0 x86_64-linux-gnu
[kit] Found Kit: GCC 7.5.0 x86_64-linux-gnu
[kit] Found Kit: GCC 7.5.0 x86_64-linux-gnu
[kit] Found Kit: GCC 7.5.0 x86_64-linux-gnu
[kit] Found Kit: GCC 7.5.0 x86_64-linux-gnu
