[2022-01-23 15:29:15.119] [exthost] [info] Extension host with pid 29297 started
[2022-01-23 15:29:15.330] [exthost] [info] ExtensionService#_doActivateExtension vscode.microsoft-authentication, startup: false, activationEvent: 'onAuthenticationRequest:microsoft'
[2022-01-23 15:29:15.460] [exthost] [info] ExtensionService#_doActivateExtension vscode.debug-auto-launch, startup: true, activationEvent: '*'
[2022-01-23 15:29:15.470] [exthost] [info] ExtensionService#_doActivateExtension vscode.git-base, startup: true, activationEvent: '*', root cause: vscode.github
[2022-01-23 15:29:15.793] [exthost] [info] ExtensionService#_doActivateExtension vscode.git, startup: true, activationEvent: '*'
[2022-01-23 15:29:15.913] [exthost] [info] ExtensionService#_doActivateExtension vscode.github, startup: true, activationEvent: '*'
[2022-01-23 15:29:16.042] [exthost] [info] Eager extensions activated
[2022-01-23 15:29:16.043] [exthost] [info] ExtensionService#_doActivateExtension vscode.github-authentication, startup: false, activationEvent: 'onAuthenticationRequest:github'
[2022-01-23 15:29:16.160] [exthost] [info] ExtensionService#_doActivateExtension vscode.emmet, startup: false, activationEvent: 'onStartupFinished'
[2022-01-23 15:29:16.202] [exthost] [info] ExtensionService#_doActivateExtension vscode.merge-conflict, startup: false, activationEvent: 'onStartupFinished'
[2022-01-23 15:29:28.045] [exthost] [info] extension host terminating: renderer closed the socket
[2022-01-23 15:29:28.066] [exthost] [info] Extension host with pid 29297 exiting with code 0
[2022-01-23 15:29:31.481] [exthost] [info] Extension host with pid 29353 started
[2022-01-23 15:29:31.481] [exthost] [info] Skipping acquiring lock for /home/rahul/RTOS/timestamp/User/workspaceStorage/7f3a02c43c1e69c7ca15323adec1bd40.
[2022-01-23 15:29:31.769] [exthost] [info] ExtensionService#_doActivateExtension vscode.microsoft-authentication, startup: false, activationEvent: 'onAuthenticationRequest:microsoft'
[2022-01-23 15:29:31.791] [exthost] [info] ExtensionService#_doActivateExtension vscode.debug-auto-launch, startup: true, activationEvent: '*'
[2022-01-23 15:29:31.801] [exthost] [info] ExtensionService#_doActivateExtension vscode.git-base, startup: true, activationEvent: '*', root cause: vscode.github
[2022-01-23 15:29:32.010] [exthost] [info] ExtensionService#_doActivateExtension vscode.github, startup: true, activationEvent: '*'
[2022-01-23 15:29:32.158] [exthost] [info] Eager extensions activated
[2022-01-23 15:29:32.177] [exthost] [info] ExtensionService#_doActivateExtension vscode.emmet, startup: false, activationEvent: 'onStartupFinished'
[2022-01-23 15:29:32.225] [exthost] [info] ExtensionService#_doActivateExtension vscode.merge-conflict, startup: false, activationEvent: 'onStartupFinished'
[2022-01-23 15:29:32.343] [exthost] [info] ExtensionService#_doActivateExtension vscode.github-authentication, startup: false, activationEvent: 'onAuthenticationRequest:github'
[2022-01-23 15:29:33.644] [exthost] [info] ExtensionService#_doActivateExtension vscode.git, startup: false, activationEvent: 'api', root cause: vscode.github
[2022-01-23 15:29:34.282] [exthost] [warning] [Decorations] CAPPING events from decorations provider vscode.git 1381
[2022-01-23 15:29:58.539] [exthost] [warning] [Decorations] CAPPING events from decorations provider vscode.git 1395
[2022-01-23 15:30:43.041] [exthost] [info] ExtensionService#_doActivateExtension ms-vscode-remote.remote-containers, startup: false, activationEvent: 'onStartupFinished'
[2022-01-23 15:30:43.285] [exthost] [info] ExtensionService#_doActivateExtension ms-vscode-remote.remote-wsl, startup: false, activationEvent: 'onStartupFinished'
[2022-01-23 15:30:43.308] [exthost] [info] ExtensionService#_doActivateExtension cschlosser.doxdocgen, startup: false, activationEvent: 'onLanguage:c'
[2022-01-23 15:30:43.377] [exthost] [info] ExtensionService#_doActivateExtension ms-vscode.cpptools, startup: false, activationEvent: '*'
[2022-01-23 15:30:43.610] [exthost] [info] ExtensionService#_doActivateExtension ms-vscode.cmake-tools, startup: false, activationEvent: 'workspaceContains:*/CMakeLists.txt,*/*/CMakeLists.txt,*/*/*/CMakeLists.txt'
