[2022-01-23 15:29:30.340] [sharedprocess] [info] Starting worker process with pid 29368 (type: watcherServiceParcelSharedProcess, window: 1).
[2022-01-23 15:30:03.344] [sharedprocess] [info] Installing extension: ms-vscode.cpptools-extension-pack
[2022-01-23 15:30:19.782] [sharedprocess] [info] Installing extension: ms-vscode.cpptools
[2022-01-23 15:30:19.782] [sharedprocess] [info] Installing extension: ms-vscode-remote.remote-wsl
[2022-01-23 15:30:19.783] [sharedprocess] [info] Installing extension: ms-vscode-remote.remote-containers
[2022-01-23 15:30:19.783] [sharedprocess] [info] Installing extension: ms-vscode-remote.remote-ssh
[2022-01-23 15:30:19.783] [sharedprocess] [info] Installing extension: ms-vscode.cmake-tools
[2022-01-23 15:30:19.783] [sharedprocess] [info] Installing extension: twxs.cmake
[2022-01-23 15:30:19.783] [sharedprocess] [info] Installing extension: jeff-hykin.better-cpp-syntax
[2022-01-23 15:30:19.784] [sharedprocess] [info] Installing extension: cschlosser.doxdocgen
[2022-01-23 15:30:19.787] [sharedprocess] [info] Installing extension: ms-vscode.cpptools-themes
[2022-01-23 15:30:19.788] [sharedprocess] [info] Extension is already requested to install ms-vscode.cpptools-themes
[2022-01-23 15:30:19.788] [sharedprocess] [info] Extension is already requested to install cschlosser.doxdocgen
[2022-01-23 15:30:19.788] [sharedprocess] [info] Extension is already requested to install ms-vscode.cpptools-themes
[2022-01-23 15:30:19.788] [sharedprocess] [info] Extension is already requested to install jeff-hykin.better-cpp-syntax
[2022-01-23 15:30:19.788] [sharedprocess] [info] Extension is already requested to install cschlosser.doxdocgen
[2022-01-23 15:30:19.789] [sharedprocess] [info] Extension is already requested to install ms-vscode.cpptools-themes
[2022-01-23 15:30:19.789] [sharedprocess] [info] Extension is already requested to install twxs.cmake
[2022-01-23 15:30:19.789] [sharedprocess] [info] Extension is already requested to install jeff-hykin.better-cpp-syntax
[2022-01-23 15:30:19.789] [sharedprocess] [info] Extension is already requested to install cschlosser.doxdocgen
[2022-01-23 15:30:19.789] [sharedprocess] [info] Extension is already requested to install ms-vscode.cpptools-themes
[2022-01-23 15:30:19.790] [sharedprocess] [info] Extension is already requested to install ms-vscode.cmake-tools
[2022-01-23 15:30:19.790] [sharedprocess] [info] Extension is already requested to install twxs.cmake
[2022-01-23 15:30:19.790] [sharedprocess] [info] Extension is already requested to install jeff-hykin.better-cpp-syntax
[2022-01-23 15:30:19.790] [sharedprocess] [info] Extension is already requested to install cschlosser.doxdocgen
[2022-01-23 15:30:19.791] [sharedprocess] [info] Extension is already requested to install ms-vscode.cpptools-themes
[2022-01-23 15:30:19.792] [sharedprocess] [info] Extension is already requested to install ms-vscode-remote.remote-ssh
[2022-01-23 15:30:19.792] [sharedprocess] [info] Extension is already requested to install ms-vscode.cmake-tools
[2022-01-23 15:30:19.792] [sharedprocess] [info] Extension is already requested to install twxs.cmake
[2022-01-23 15:30:19.793] [sharedprocess] [info] Extension is already requested to install jeff-hykin.better-cpp-syntax
[2022-01-23 15:30:19.793] [sharedprocess] [info] Extension is already requested to install cschlosser.doxdocgen
[2022-01-23 15:30:19.793] [sharedprocess] [info] Extension is already requested to install ms-vscode.cpptools-themes
[2022-01-23 15:30:19.793] [sharedprocess] [info] Extension is already requested to install ms-vscode-remote.remote-containers
[2022-01-23 15:30:19.794] [sharedprocess] [info] Extension is already requested to install ms-vscode-remote.remote-ssh
[2022-01-23 15:30:19.794] [sharedprocess] [info] Extension is already requested to install ms-vscode.cmake-tools
[2022-01-23 15:30:19.794] [sharedprocess] [info] Extension is already requested to install twxs.cmake
[2022-01-23 15:30:19.794] [sharedprocess] [info] Extension is already requested to install jeff-hykin.better-cpp-syntax
[2022-01-23 15:30:19.795] [sharedprocess] [info] Extension is already requested to install cschlosser.doxdocgen
[2022-01-23 15:30:19.795] [sharedprocess] [info] Extension is already requested to install ms-vscode.cpptools-themes
[2022-01-23 15:30:19.795] [sharedprocess] [info] Extension is already requested to install ms-vscode-remote.remote-wsl
[2022-01-23 15:30:19.796] [sharedprocess] [info] Extension is already requested to install ms-vscode-remote.remote-containers
[2022-01-23 15:30:19.796] [sharedprocess] [info] Extension is already requested to install ms-vscode-remote.remote-ssh
[2022-01-23 15:30:19.796] [sharedprocess] [info] Extension is already requested to install ms-vscode.cmake-tools
[2022-01-23 15:30:19.797] [sharedprocess] [info] Extension is already requested to install twxs.cmake
[2022-01-23 15:30:19.797] [sharedprocess] [info] Extension is already requested to install jeff-hykin.better-cpp-syntax
[2022-01-23 15:30:19.797] [sharedprocess] [info] Extension is already requested to install cschlosser.doxdocgen
[2022-01-23 15:30:19.798] [sharedprocess] [info] Extension is already requested to install ms-vscode.cpptools-themes
[2022-01-23 15:30:22.039] [sharedprocess] [info] Downloaded extension: ms-vscode.cmake-tools /home/rahul/RTOS/timestamp/CachedExtensionVSIXs/ms-vscode.cmake-tools-1.9.2
[2022-01-23 15:30:22.126] [sharedprocess] [info] Downloaded extension: ms-vscode.cpptools-themes /home/rahul/RTOS/timestamp/CachedExtensionVSIXs/ms-vscode.cpptools-themes-1.0.0
[2022-01-23 15:30:22.150] [sharedprocess] [info] Extracted extension to /home/rahul/.vscode/extensions/.97aed423-111a-435c-8eae-9b405749da5b: ms-vscode.cpptools-themes
[2022-01-23 15:30:22.156] [sharedprocess] [info] Renamed to /home/rahul/.vscode/extensions/ms-vscode.cpptools-themes-1.0.0
[2022-01-23 15:30:22.158] [sharedprocess] [info] Extracting completed. ms-vscode.cpptools-themes
[2022-01-23 15:30:22.314] [sharedprocess] [info] Extracted extension to /home/rahul/.vscode/extensions/.327b7b9d-cbe2-4ee7-a2b7-681714f8323b: ms-vscode.cmake-tools
[2022-01-23 15:30:22.321] [sharedprocess] [info] Renamed to /home/rahul/.vscode/extensions/ms-vscode.cmake-tools-1.9.2
[2022-01-23 15:30:22.322] [sharedprocess] [info] Extracting completed. ms-vscode.cmake-tools
[2022-01-23 15:30:26.159] [sharedprocess] [info] Downloaded extension: ms-vscode-remote.remote-ssh /home/rahul/RTOS/timestamp/CachedExtensionVSIXs/ms-vscode-remote.remote-ssh-0.70.0
[2022-01-23 15:30:26.263] [sharedprocess] [info] Extracted extension to /home/rahul/.vscode/extensions/.c9327519-fc6e-4b4e-9b51-3f47800a6eac: ms-vscode-remote.remote-ssh
[2022-01-23 15:30:26.268] [sharedprocess] [info] Renamed to /home/rahul/.vscode/extensions/ms-vscode-remote.remote-ssh-0.70.0
[2022-01-23 15:30:26.273] [sharedprocess] [info] Extracting completed. ms-vscode-remote.remote-ssh
[2022-01-23 15:30:26.404] [sharedprocess] [info] Downloaded extension: jeff-hykin.better-cpp-syntax /home/rahul/RTOS/timestamp/CachedExtensionVSIXs/jeff-hykin.better-cpp-syntax-1.15.10
[2022-01-23 15:30:26.461] [sharedprocess] [info] Extracted extension to /home/rahul/.vscode/extensions/.68e45ee5-82f4-4c9f-8bc0-d1c613e32fcf: jeff-hykin.better-cpp-syntax
[2022-01-23 15:30:26.468] [sharedprocess] [info] Renamed to /home/rahul/.vscode/extensions/jeff-hykin.better-cpp-syntax-1.15.10
[2022-01-23 15:30:26.470] [sharedprocess] [info] Extracting completed. jeff-hykin.better-cpp-syntax
[2022-01-23 15:30:31.026] [sharedprocess] [info] Downloaded extension: ms-vscode-remote.remote-containers /home/rahul/RTOS/timestamp/CachedExtensionVSIXs/ms-vscode-remote.remote-containers-0.209.6
[2022-01-23 15:30:31.652] [sharedprocess] [info] Extracted extension to /home/rahul/.vscode/extensions/.8db11dcf-c97f-4d62-9814-772216b10dd3: ms-vscode-remote.remote-containers
[2022-01-23 15:30:31.659] [sharedprocess] [info] Renamed to /home/rahul/.vscode/extensions/ms-vscode-remote.remote-containers-0.209.6
[2022-01-23 15:30:31.661] [sharedprocess] [info] Extracting completed. ms-vscode-remote.remote-containers
[2022-01-23 15:30:32.416] [sharedprocess] [info] Downloaded extension: ms-vscode-remote.remote-wsl /home/rahul/RTOS/timestamp/CachedExtensionVSIXs/ms-vscode-remote.remote-wsl-0.63.13
[2022-01-23 15:30:32.507] [sharedprocess] [info] Extracted extension to /home/rahul/.vscode/extensions/.731404bf-4687-4735-952d-17eee00c192f: ms-vscode-remote.remote-wsl
[2022-01-23 15:30:32.511] [sharedprocess] [info] Renamed to /home/rahul/.vscode/extensions/ms-vscode-remote.remote-wsl-0.63.13
[2022-01-23 15:30:32.512] [sharedprocess] [info] Extracting completed. ms-vscode-remote.remote-wsl
[2022-01-23 15:30:34.567] [sharedprocess] [info] Downloaded extension: cschlosser.doxdocgen /home/rahul/RTOS/timestamp/CachedExtensionVSIXs/cschlosser.doxdocgen-1.3.2
[2022-01-23 15:30:35.428] [sharedprocess] [info] Extracted extension to /home/rahul/.vscode/extensions/.82e790e3-124d-4bb5-aa1e-34418c7b085f: cschlosser.doxdocgen
[2022-01-23 15:30:35.432] [sharedprocess] [info] Renamed to /home/rahul/.vscode/extensions/cschlosser.doxdocgen-1.3.2
[2022-01-23 15:30:35.434] [sharedprocess] [info] Extracting completed. cschlosser.doxdocgen
[2022-01-23 15:30:37.551] [sharedprocess] [info] Downloaded extension: ms-vscode.cpptools /home/rahul/RTOS/timestamp/CachedExtensionVSIXs/ms-vscode.cpptools-1.7.1
[2022-01-23 15:30:38.096] [sharedprocess] [info] Extracted extension to /home/rahul/.vscode/extensions/.f1db56fb-e0cf-415c-8396-d0fc82fe6d66: ms-vscode.cpptools
[2022-01-23 15:30:38.117] [sharedprocess] [info] Renamed to /home/rahul/.vscode/extensions/ms-vscode.cpptools-1.7.1
[2022-01-23 15:30:38.121] [sharedprocess] [info] Extracting completed. ms-vscode.cpptools
[2022-01-23 15:30:40.052] [sharedprocess] [info] Downloaded extension: twxs.cmake /home/rahul/RTOS/timestamp/CachedExtensionVSIXs/twxs.cmake-0.0.17
[2022-01-23 15:30:40.219] [sharedprocess] [info] Extracted extension to /home/rahul/.vscode/extensions/.feca848b-007d-43cd-9652-81019087a325: twxs.cmake
[2022-01-23 15:30:40.223] [sharedprocess] [info] Renamed to /home/rahul/.vscode/extensions/twxs.cmake-0.0.17
[2022-01-23 15:30:40.225] [sharedprocess] [info] Extracting completed. twxs.cmake
[2022-01-23 15:30:42.153] [sharedprocess] [info] Downloaded extension: ms-vscode.cpptools-extension-pack /home/rahul/RTOS/timestamp/CachedExtensionVSIXs/ms-vscode.cpptools-extension-pack-1.1.0
[2022-01-23 15:30:42.161] [sharedprocess] [info] Extracted extension to /home/rahul/.vscode/extensions/.87500b90-e874-4e5f-b395-406bfb8f620c: ms-vscode.cpptools-extension-pack
[2022-01-23 15:30:42.165] [sharedprocess] [info] Renamed to /home/rahul/.vscode/extensions/ms-vscode.cpptools-extension-pack-1.1.0
[2022-01-23 15:30:42.170] [sharedprocess] [info] Extracting completed. ms-vscode.cpptools-extension-pack
[2022-01-23 15:30:42.180] [sharedprocess] [info] Extension installed successfully: ms-vscode.cpptools-themes
[2022-01-23 15:30:42.181] [sharedprocess] [info] Extension installed successfully: ms-vscode.cmake-tools
[2022-01-23 15:30:42.181] [sharedprocess] [info] Extension installed successfully: ms-vscode-remote.remote-ssh
[2022-01-23 15:30:42.181] [sharedprocess] [info] Extension installed successfully: jeff-hykin.better-cpp-syntax
[2022-01-23 15:30:42.181] [sharedprocess] [info] Extension installed successfully: ms-vscode-remote.remote-containers
[2022-01-23 15:30:42.181] [sharedprocess] [info] Extension installed successfully: ms-vscode-remote.remote-wsl
[2022-01-23 15:30:42.182] [sharedprocess] [info] Extension installed successfully: cschlosser.doxdocgen
[2022-01-23 15:30:42.184] [sharedprocess] [info] Extension installed successfully: ms-vscode.cpptools
[2022-01-23 15:30:42.184] [sharedprocess] [info] Extension installed successfully: twxs.cmake
[2022-01-23 15:30:42.184] [sharedprocess] [info] Extension installed successfully: ms-vscode.cpptools-extension-pack
